2018-08-29 15:27:39,432 - INFO - 触发用户-添加功能
2018-08-29 15:28:17,478 - INFO - 触发用户-添加功能
2018-08-31 15:06:19,653 - INFO - 种子分派完毕
2018-08-31 15:07:47,961 - INFO - 种子分派完毕
2018-08-31 15:10:24,418 - INFO - 种子分派完毕
2018-08-31 16:56:08,137 - WARNING - json	loads	出错，请检查
2018-08-31 16:56:50,217 - WARNING - json	loads	出错，请检查
2018-08-31 16:57:35,110 - WARNING - json	loads	出错，请检查
2018-08-31 16:58:04,115 - WARNING - json	loads	出错，请检查
2018-08-31 16:58:25,572 - WARNING - json	loads	出错，请检查
2018-08-31 16:58:59,766 - WARNING - json	loads	出错，请检查
2018-08-31 17:00:03,254 - WARNING - json	loads	出错，请检查
2018-08-31 17:00:12,355 - WARNING - json	loads	出错，请检查
2018-08-31 17:00:27,271 - WARNING - json	loads	出错，请检查
2018-08-31 17:01:19,269 - WARNING - json	loads	出错，请检查
2018-08-31 17:01:22,233 - WARNING - json	loads	出错，请检查
2018-08-31 17:01:32,074 - WARNING - json	loads	出错，请检查
2018-08-31 17:01:41,100 - WARNING - json	loads	出错，请检查
2018-09-03 16:00:15,139 - INFO - 触发用户-添加功能
2018-09-03 16:43:31,707 - WARNING - json	loads	出错，请检查
2018-09-03 17:29:29,041 - WARNING - json	loads	出错，请检查
2018-09-03 17:30:27,812 - WARNING - json	loads	出错，请检查
2018-09-03 17:30:58,048 - WARNING - json	loads	出错，请检查
2018-09-03 17:31:56,413 - WARNING - json	loads	出错，请检查
2018-09-03 17:51:06,361 - WARNING - json	loads	出错，请检查
2018-09-03 17:51:44,047 - WARNING - json	loads	出错，请检查
2018-09-03 17:52:40,989 - WARNING - json	loads	出错，请检查
2018-09-03 17:53:09,182 - WARNING - json	loads	出错，请检查
2018-09-03 17:54:00,460 - WARNING - json	loads	出错，请检查
2018-09-03 17:54:40,965 - WARNING - json	loads	出错，请检查
2018-09-03 17:55:04,248 - WARNING - json	loads	出错，请检查
2018-09-03 17:55:32,337 - WARNING - json	loads	出错，请检查
2018-09-03 17:55:47,477 - WARNING - json	loads	出错，请检查
2018-09-03 17:56:12,729 - WARNING - json	loads	出错，请检查
2018-09-03 17:56:15,460 - WARNING - json	loads	出错，请检查
2018-09-03 17:56:34,724 - WARNING - json	loads	出错，请检查
2018-09-03 17:56:58,296 - WARNING - json	loads	出错，请检查
2018-09-03 17:57:20,142 - WARNING - json	loads	出错，请检查
2018-09-03 17:58:14,812 - WARNING - json	loads	出错，请检查
2018-09-03 17:59:06,470 - WARNING - json	loads	出错，请检查
2018-09-03 17:59:33,958 - WARNING - json	loads	出错，请检查
2018-09-03 18:06:19,423 - INFO - 种子分派完毕
2018-09-04 10:26:13,108 - INFO - 触发用户-添加功能
2018-09-04 10:26:45,370 - INFO - 触发用户-添加功能
2018-09-05 14:37:47,552 - INFO - 触发用户-添加功能
2018-09-05 14:38:20,097 - INFO - 触发用户-添加功能
2018-09-05 14:38:40,103 - INFO - 触发用户-添加功能
2018-09-05 14:51:10,571 - INFO - 种子派发完毕
2018-09-05 15:05:03,656 - WARNING - json	loads	出错，请检查
2018-09-05 15:05:03,759 - WARNING - json	loads	出错，请检查
2018-09-05 15:05:33,694 - INFO - 种子派发完毕
2018-09-05 15:06:31,654 - WARNING - json	loads	出错，请检查
2018-09-05 15:06:31,759 - WARNING - json	loads	出错，请检查
2018-09-05 15:07:17,572 - WARNING - json	loads	出错，请检查
2018-09-05 15:07:17,673 - WARNING - json	loads	出错，请检查
2018-09-05 15:07:47,588 - INFO - 种子派发完毕
2018-09-05 15:09:14,724 - WARNING - json	loads	出错，请检查
2018-09-05 15:09:14,830 - WARNING - json	loads	出错，请检查
2018-09-05 15:31:05,754 - WARNING - json	loads	出错，请检查
2018-09-05 15:31:05,858 - WARNING - json	loads	出错，请检查
2018-09-05 15:40:03,910 - INFO - 种子派发完毕
2018-09-06 10:51:42,945 - INFO - 触发用户-添加功能
2018-09-06 10:52:10,533 - INFO - 触发用户-添加功能
2018-09-06 15:25:16,836 - WARNING - 集群写入错误
2018-09-06 15:25:17,000 - WARNING - 集群写入错误
2018-09-06 15:25:17,166 - WARNING - 集群写入错误
2018-09-06 15:25:17,350 - WARNING - 集群写入错误
2018-09-06 15:25:17,526 - WARNING - 集群写入错误
2018-09-06 17:47:00,380 - WARNING - json	loads	出错，请检查
2018-09-06 17:47:00,380 - WARNING - json	loads	出错，请检查
2018-09-06 17:47:02,942 - WARNING - json	loads	出错，请检查
2018-09-06 17:47:04,998 - WARNING - json	loads	出错，请检查
2018-09-06 17:58:34,277 - WARNING - json	loads	出错，请检查
2018-09-06 17:58:36,437 - WARNING - json	loads	出错，请检查
2018-09-06 17:59:48,688 - WARNING - json	loads	出错，请检查
2018-09-06 18:00:19,895 - WARNING - json	loads	出错，请检查
2018-09-06 18:02:09,223 - WARNING - json	loads	出错，请检查
2018-09-06 18:05:30,173 - WARNING - json	loads	出错，请检查
2018-09-06 18:05:52,828 - WARNING - json	loads	出错，请检查
2018-09-06 18:05:55,489 - WARNING - json	loads	出错，请检查
2018-09-06 18:05:57,552 - WARNING - json	loads	出错，请检查
2018-09-06 18:05:59,990 - WARNING - json	loads	出错，请检查
2018-09-06 18:06:02,030 - WARNING - json	loads	出错，请检查
2018-09-06 18:06:02,534 - WARNING - json	loads	出错，请检查
2018-09-06 18:06:04,380 - WARNING - json	loads	出错，请检查
2018-09-06 18:06:04,589 - WARNING - json	loads	出错，请检查
2018-09-06 18:06:06,524 - WARNING - json	loads	出错，请检查
2018-09-06 18:06:06,934 - WARNING - json	loads	出错，请检查
2018-09-06 18:06:09,080 - WARNING - json	loads	出错，请检查
2018-09-06 18:06:09,285 - WARNING - json	loads	出错，请检查
2018-09-06 18:06:11,429 - WARNING - json	loads	出错，请检查
2018-09-06 18:06:11,535 - WARNING - json	loads	出错，请检查
2018-09-06 18:06:13,668 - WARNING - json	loads	出错，请检查
2018-09-06 18:06:13,671 - WARNING - json	loads	出错，请检查
2018-09-06 18:06:15,817 - WARNING - json	loads	出错，请检查
2018-09-06 18:06:15,920 - WARNING - json	loads	出错，请检查
2018-09-06 18:06:18,053 - WARNING - json	loads	出错，请检查
2018-09-06 18:06:18,259 - WARNING - json	loads	出错，请检查
2018-09-06 18:06:20,291 - WARNING - json	loads	出错，请检查
2018-09-06 18:06:20,292 - WARNING - json	loads	出错，请检查
2018-09-07 11:40:49,477 - WARNING - json	loads	出错，请检查
2018-09-07 11:40:49,479 - WARNING - json	loads	出错，请检查
2018-09-07 11:40:49,479 - WARNING - json	loads	出错，请检查
2018-09-07 11:40:49,479 - WARNING - json	loads	出错，请检查
2018-09-07 11:40:49,479 - WARNING - json	loads	出错，请检查
2018-09-07 11:40:49,480 - WARNING - json	loads	出错，请检查
2018-09-07 11:40:49,480 - WARNING - json	loads	出错，请检查
2018-09-07 11:40:49,480 - WARNING - json	loads	出错，请检查
2018-09-07 11:40:49,480 - WARNING - json	loads	出错，请检查
2018-09-07 11:40:49,481 - WARNING - json	loads	出错，请检查
2018-09-07 11:40:51,540 - WARNING - json	loads	出错，请检查
2018-09-07 11:40:51,644 - WARNING - json	loads	出错，请检查
2018-09-07 11:40:54,293 - WARNING - json	loads	出错，请检查
2018-09-07 11:40:54,397 - WARNING - json	loads	出错，请检查
2018-09-07 11:40:54,625 - WARNING - 集群写入错误
2018-09-07 11:40:54,800 - WARNING - 集群写入错误
2018-09-07 11:40:54,971 - WARNING - 集群写入错误
2018-09-07 11:40:56,470 - WARNING - json	loads	出错，请检查
2018-09-07 11:40:56,471 - WARNING - json	loads	出错，请检查
2018-09-07 11:40:59,443 - WARNING - json	loads	出错，请检查
2018-09-07 11:40:59,444 - WARNING - json	loads	出错，请检查
2018-09-07 11:40:59,650 - WARNING - 集群写入错误
2018-09-07 11:40:59,811 - WARNING - 集群写入错误
2018-09-07 11:40:59,973 - WARNING - 集群写入错误
2018-09-07 11:41:00,142 - WARNING - 集群写入错误
2018-09-07 11:41:00,332 - WARNING - 集群写入错误
2018-09-07 11:41:00,498 - WARNING - 集群写入错误
2018-09-07 11:41:00,665 - WARNING - 集群写入错误
2018-09-07 11:41:00,832 - WARNING - 集群写入错误
2018-09-07 11:41:00,995 - WARNING - 集群写入错误
2018-09-07 11:41:01,163 - WARNING - 集群写入错误
2018-09-07 11:41:01,330 - WARNING - 集群写入错误
2018-09-07 11:41:01,493 - WARNING - 集群写入错误
2018-09-07 11:41:01,504 - WARNING - json	loads	出错，请检查
2018-09-07 11:41:01,505 - WARNING - json	loads	出错，请检查
2018-09-07 11:41:01,656 - WARNING - 集群写入错误
2018-09-07 11:41:01,832 - WARNING - 集群写入错误
2018-09-07 11:41:01,999 - WARNING - 集群写入错误
2018-09-07 11:41:02,160 - WARNING - 集群写入错误
2018-09-07 11:41:02,326 - WARNING - 集群写入错误
2018-09-07 11:41:02,494 - WARNING - 集群写入错误
2018-09-07 11:41:02,653 - WARNING - 集群写入错误
2018-09-07 11:41:04,284 - WARNING - json	loads	出错，请检查
2018-09-07 11:41:04,284 - WARNING - json	loads	出错，请检查
2018-09-07 11:41:06,459 - WARNING - json	loads	出错，请检查
2018-09-07 11:41:06,461 - WARNING - json	loads	出错，请检查
2018-09-07 11:41:11,985 - WARNING - json	loads	出错，请检查
2018-09-07 11:41:11,987 - WARNING - json	loads	出错，请检查
2018-09-07 11:41:14,055 - WARNING - json	loads	出错，请检查
2018-09-07 11:41:14,161 - WARNING - json	loads	出错，请检查
2018-09-07 11:41:16,516 - WARNING - json	loads	出错，请检查
2018-09-07 11:41:16,830 - WARNING - json	loads	出错，请检查
2018-09-07 11:41:16,972 - WARNING - 集群写入错误
2018-09-07 11:41:17,149 - WARNING - 集群写入错误
2018-09-07 11:41:18,694 - WARNING - json	loads	出错，请检查
2018-09-07 11:41:18,901 - WARNING - json	loads	出错，请检查
2018-09-07 11:41:21,264 - WARNING - json	loads	出错，请检查
2018-09-07 11:41:21,370 - WARNING - json	loads	出错，请检查
2018-09-07 11:41:23,323 - WARNING - json	loads	出错，请检查
2018-09-07 11:41:23,530 - WARNING - json	loads	出错，请检查
2018-09-07 11:41:25,885 - WARNING - json	loads	出错，请检查
2018-09-07 11:41:26,196 - WARNING - json	loads	出错，请检查
2018-09-07 11:41:26,409 - WARNING - 集群写入错误
2018-09-07 11:41:26,579 - WARNING - 集群写入错误
2018-09-07 11:41:26,746 - WARNING - 集群写入错误
2018-09-07 11:41:28,060 - WARNING - json	loads	出错，请检查
2018-09-07 11:41:28,271 - WARNING - json	loads	出错，请检查
2018-09-07 11:41:30,523 - WARNING - json	loads	出错，请检查
2018-09-07 11:41:30,732 - WARNING - json	loads	出错，请检查
2018-09-07 11:41:32,601 - WARNING - json	loads	出错，请检查
2018-09-07 11:41:32,811 - WARNING - json	loads	出错，请检查
2018-09-07 11:41:34,979 - WARNING - json	loads	出错，请检查
2018-09-07 11:41:35,291 - WARNING - json	loads	出错，请检查
2018-09-07 11:41:35,562 - WARNING - 集群写入错误
2018-09-07 11:41:37,040 - WARNING - json	loads	出错，请检查
2018-09-07 11:41:37,452 - WARNING - json	loads	出错，请检查
2018-09-07 11:41:39,708 - WARNING - json	loads	出错，请检查
2018-09-07 11:41:39,915 - WARNING - json	loads	出错，请检查
2018-09-07 14:31:58,454 - WARNING - json	loads	出错，请检查
2018-09-07 14:32:42,987 - WARNING - json	loads	出错，请检查
2018-09-07 14:32:42,989 - WARNING - json	loads	出错，请检查
2018-09-07 14:32:45,734 - WARNING - json	loads	出错，请检查
2018-09-07 14:32:45,836 - WARNING - json	loads	出错，请检查
2018-09-07 14:32:47,885 - WARNING - json	loads	出错，请检查
2018-09-07 14:32:47,987 - WARNING - json	loads	出错，请检查
2018-09-07 14:32:50,743 - WARNING - json	loads	出错，请检查
2018-09-07 14:32:50,847 - WARNING - json	loads	出错，请检查
2018-09-07 14:32:51,060 - WARNING - 集群写入错误
2018-09-07 14:32:52,893 - WARNING - json	loads	出错，请检查
2018-09-07 14:32:52,894 - WARNING - json	loads	出错，请检查
2018-09-07 14:32:55,534 - WARNING - json	loads	出错，请检查
2018-09-07 14:32:55,534 - WARNING - json	loads	出错，请检查
2018-09-07 14:32:57,692 - WARNING - json	loads	出错，请检查
2018-09-07 14:32:57,693 - WARNING - json	loads	出错，请检查
2018-09-07 14:33:00,123 - WARNING - json	loads	出错，请检查
2018-09-07 14:33:00,123 - WARNING - json	loads	出错，请检查
2018-09-07 14:33:02,168 - WARNING - json	loads	出错，请检查
2018-09-07 14:33:02,169 - WARNING - json	loads	出错，请检查
2018-09-07 14:33:04,717 - WARNING - json	loads	出错，请检查
2018-09-07 14:33:04,717 - WARNING - json	loads	出错，请检查
2018-09-07 14:33:06,771 - WARNING - json	loads	出错，请检查
2018-09-07 14:33:06,872 - WARNING - json	loads	出错，请检查
2018-09-07 14:33:09,307 - WARNING - json	loads	出错，请检查
2018-09-07 14:33:09,308 - WARNING - json	loads	出错，请检查
2018-09-07 14:33:11,360 - WARNING - json	loads	出错，请检查
2018-09-07 14:33:11,360 - WARNING - json	loads	出错，请检查
2018-09-07 14:33:13,994 - WARNING - json	loads	出错，请检查
2018-09-07 14:33:13,994 - WARNING - json	loads	出错，请检查
2018-09-07 14:33:16,035 - WARNING - json	loads	出错，请检查
2018-09-07 14:33:16,036 - WARNING - json	loads	出错，请检查
2018-09-07 14:33:18,373 - WARNING - json	loads	出错，请检查
2018-09-07 14:33:18,477 - WARNING - json	loads	出错，请检查
2018-09-07 14:33:20,431 - WARNING - json	loads	出错，请检查
2018-09-07 14:33:20,633 - WARNING - json	loads	出错，请检查
2018-09-07 14:33:22,874 - WARNING - json	loads	出错，请检查
2018-09-07 14:33:22,976 - WARNING - json	loads	出错，请检查
2018-09-07 14:33:25,018 - WARNING - json	loads	出错，请检查
2018-09-07 14:33:25,120 - WARNING - json	loads	出错，请检查
2018-09-07 14:33:27,956 - WARNING - json	loads	出错，请检查
2018-09-07 14:33:28,161 - WARNING - json	loads	出错，请检查
2018-09-07 15:25:05,234 - WARNING - 集群写入错误
2018-09-07 15:25:05,411 - WARNING - 集群写入错误
2018-09-07 15:25:05,580 - WARNING - 集群写入错误
2018-09-07 15:25:22,759 - WARNING - 集群写入错误
2018-09-07 15:25:22,928 - WARNING - 集群写入错误
2018-09-07 15:25:41,523 - WARNING - 集群写入错误
2018-09-07 15:25:41,691 - WARNING - 集群写入错误
2018-09-07 15:25:41,863 - WARNING - 集群写入错误
2018-09-07 15:25:42,042 - WARNING - 集群写入错误
2018-09-07 15:25:59,256 - WARNING - 集群写入错误
2018-09-07 15:25:59,430 - WARNING - 集群写入错误
2018-09-07 15:25:59,605 - WARNING - 集群写入错误
2018-09-07 15:25:59,770 - WARNING - 集群写入错误
2018-09-07 15:25:59,942 - WARNING - 集群写入错误
2018-09-07 15:26:27,012 - WARNING - 集群写入错误
